000 (8202656.000.000) 12/14 10:38:18 Job submitted from host: <137.138.120.116:9618?addrs=137.138.120.116-9618+[2001-1458-d00-16--17b]-9618&alias=bigbird12.cern.ch&noUDP&sock=schedd_2534455_e6cc>
    DAG Node: 0
...
000 (8202657.000.000) 12/14 10:38:18 Job submitted from host: <137.138.120.116:9618?addrs=137.138.120.116-9618+[2001-1458-d00-16--17b]-9618&alias=bigbird12.cern.ch&noUDP&sock=schedd_2534455_e6cc>
    DAG Node: 1
...
000 (8202658.000.000) 12/14 10:38:18 Job submitted from host: <137.138.120.116:9618?addrs=137.138.120.116-9618+[2001-1458-d00-16--17b]-9618&alias=bigbird12.cern.ch&noUDP&sock=schedd_2534455_e6cc>
    DAG Node: 2
...
000 (8202659.000.000) 12/14 10:38:18 Job submitted from host: <137.138.120.116:9618?addrs=137.138.120.116-9618+[2001-1458-d00-16--17b]-9618&alias=bigbird12.cern.ch&noUDP&sock=schedd_2534455_e6cc>
    DAG Node: 3
...
000 (8202660.000.000) 12/14 10:38:19 Job submitted from host: <137.138.120.116:9618?addrs=137.138.120.116-9618+[2001-1458-d00-16--17b]-9618&alias=bigbird12.cern.ch&noUDP&sock=schedd_2534455_e6cc>
    DAG Node: 4
...
000 (8202661.000.000) 12/14 10:38:19 Job submitted from host: <137.138.120.116:9618?addrs=137.138.120.116-9618+[2001-1458-d00-16--17b]-9618&alias=bigbird12.cern.ch&noUDP&sock=schedd_2534455_e6cc>
    DAG Node: 5
...
000 (8202662.000.000) 12/14 10:38:19 Job submitted from host: <137.138.120.116:9618?addrs=137.138.120.116-9618+[2001-1458-d00-16--17b]-9618&alias=bigbird12.cern.ch&noUDP&sock=schedd_2534455_e6cc>
    DAG Node: 6
...
000 (8202663.000.000) 12/14 10:38:19 Job submitted from host: <137.138.120.116:9618?addrs=137.138.120.116-9618+[2001-1458-d00-16--17b]-9618&alias=bigbird12.cern.ch&noUDP&sock=schedd_2534455_e6cc>
    DAG Node: 7
...
000 (8202664.000.000) 12/14 10:38:19 Job submitted from host: <137.138.120.116:9618?addrs=137.138.120.116-9618+[2001-1458-d00-16--17b]-9618&alias=bigbird12.cern.ch&noUDP&sock=schedd_2534455_e6cc>
    DAG Node: 8
...
000 (8202665.000.000) 12/14 10:38:20 Job submitted from host: <137.138.120.116:9618?addrs=137.138.120.116-9618+[2001-1458-d00-16--17b]-9618&alias=bigbird12.cern.ch&noUDP&sock=schedd_2534455_e6cc>
    DAG Node: 9
...
000 (8202666.000.000) 12/14 10:38:20 Job submitted from host: <137.138.120.116:9618?addrs=137.138.120.116-9618+[2001-1458-d00-16--17b]-9618&alias=bigbird12.cern.ch&noUDP&sock=schedd_2534455_e6cc>
    DAG Node: 10
...
000 (8202667.000.000) 12/14 10:38:20 Job submitted from host: <137.138.120.116:9618?addrs=137.138.120.116-9618+[2001-1458-d00-16--17b]-9618&alias=bigbird12.cern.ch&noUDP&sock=schedd_2534455_e6cc>
    DAG Node: 11
...
000 (8202668.000.000) 12/14 10:38:20 Job submitted from host: <137.138.120.116:9618?addrs=137.138.120.116-9618+[2001-1458-d00-16--17b]-9618&alias=bigbird12.cern.ch&noUDP&sock=schedd_2534455_e6cc>
    DAG Node: 12
...
000 (8202669.000.000) 12/14 10:38:20 Job submitted from host: <137.138.120.116:9618?addrs=137.138.120.116-9618+[2001-1458-d00-16--17b]-9618&alias=bigbird12.cern.ch&noUDP&sock=schedd_2534455_e6cc>
    DAG Node: 13
...
000 (8202670.000.000) 12/14 10:38:21 Job submitted from host: <137.138.120.116:9618?addrs=137.138.120.116-9618+[2001-1458-d00-16--17b]-9618&alias=bigbird12.cern.ch&noUDP&sock=schedd_2534455_e6cc>
    DAG Node: 14
...
000 (8202671.000.000) 12/14 10:38:21 Job submitted from host: <137.138.120.116:9618?addrs=137.138.120.116-9618+[2001-1458-d00-16--17b]-9618&alias=bigbird12.cern.ch&noUDP&sock=schedd_2534455_e6cc>
    DAG Node: 15
...
000 (8202672.000.000) 12/14 10:38:21 Job submitted from host: <137.138.120.116:9618?addrs=137.138.120.116-9618+[2001-1458-d00-16--17b]-9618&alias=bigbird12.cern.ch&noUDP&sock=schedd_2534455_e6cc>
    DAG Node: 16
...
000 (8202673.000.000) 12/14 10:38:21 Job submitted from host: <137.138.120.116:9618?addrs=137.138.120.116-9618+[2001-1458-d00-16--17b]-9618&alias=bigbird12.cern.ch&noUDP&sock=schedd_2534455_e6cc>
    DAG Node: 17
...
000 (8202674.000.000) 12/14 10:38:21 Job submitted from host: <137.138.120.116:9618?addrs=137.138.120.116-9618+[2001-1458-d00-16--17b]-9618&alias=bigbird12.cern.ch&noUDP&sock=schedd_2534455_e6cc>
    DAG Node: 18
...
000 (8202675.000.000) 12/14 10:38:21 Job submitted from host: <137.138.120.116:9618?addrs=137.138.120.116-9618+[2001-1458-d00-16--17b]-9618&alias=bigbird12.cern.ch&noUDP&sock=schedd_2534455_e6cc>
    DAG Node: 19
...
001 (8202656.000.000) 12/14 10:41:50 Job executing on host: <188.184.164.68:9618?addrs=188.184.164.68-9618+[2001-1458-301-4e--100-3e]-9618&alias=b7s13p4267.cern.ch&noUDP&sock=startd_6792_5356>
...
001 (8202658.000.000) 12/14 10:41:50 Job executing on host: <188.184.164.196:9618?addrs=188.184.164.196-9618+[2001-1458-301-4e--100-be]-9618&alias=b7s13p3966.cern.ch&noUDP&sock=startd_3530_dd67>
...
001 (8202657.000.000) 12/14 10:41:50 Job executing on host: <188.184.162.182:9618?addrs=188.184.162.182-9618+[2001-1458-301-4a--100-b0]-9618&alias=b7s11p3835.cern.ch&noUDP&sock=startd_3118_4462>
...
001 (8202659.000.000) 12/14 10:41:51 Job executing on host: <188.184.162.109:9618?addrs=188.184.162.109-9618+[2001-1458-301-4a--100-67]-9618&alias=b7s11p6578.cern.ch&noUDP&sock=startd_5837_4664>
...
001 (8202665.000.000) 12/14 10:41:51 Job executing on host: <188.184.164.68:9618?addrs=188.184.164.68-9618+[2001-1458-301-4e--100-3e]-9618&alias=b7s13p4267.cern.ch&noUDP&sock=startd_6792_5356>
...
001 (8202660.000.000) 12/14 10:41:51 Job executing on host: <188.184.162.26:9618?addrs=188.184.162.26-9618+[2001-1458-301-4a--100-14]-9618&alias=b7s11p5512.cern.ch&noUDP&sock=startd_6795_621f>
...
001 (8202664.000.000) 12/14 10:41:51 Job executing on host: <188.184.165.32:9618?addrs=188.184.165.32-9618+[2001-1458-301-51--100-1b]-9618&alias=b7s14p1250.cern.ch&noUDP&sock=startd_263333_1d06>
...
001 (8202666.000.000) 12/14 10:41:52 Job executing on host: <188.184.162.182:9618?addrs=188.184.162.182-9618+[2001-1458-301-4a--100-b0]-9618&alias=b7s11p3835.cern.ch&noUDP&sock=startd_3118_4462>
...
001 (8202661.000.000) 12/14 10:41:52 Job executing on host: <188.184.163.55:9618?addrs=188.184.163.55-9618+[2001-1458-301-4d--100-31]-9618&alias=b7s12p9667.cern.ch&noUDP&sock=startd_3182_2a72>
...
001 (8202662.000.000) 12/14 10:41:52 Job executing on host: <188.184.164.102:9618?addrs=188.184.164.102-9618+[2001-1458-301-4e--100-60]-9618&alias=b7s13p6527.cern.ch&noUDP&sock=startd_3511_d51b>
...
001 (8202672.000.000) 12/14 10:41:53 Job executing on host: <188.184.165.32:9618?addrs=188.184.165.32-9618+[2001-1458-301-51--100-1b]-9618&alias=b7s14p1250.cern.ch&noUDP&sock=startd_263333_1d06>
...
001 (8202668.000.000) 12/14 10:41:54 Job executing on host: <188.184.164.64:9618?addrs=188.184.164.64-9618+[2001-1458-301-4e--100-3a]-9618&alias=b7s13p8377.cern.ch&noUDP&sock=startd_3417_5b34>
...
001 (8202669.000.000) 12/14 10:41:54 Job executing on host: <188.184.164.161:9618?addrs=188.184.164.161-9618+[2001-1458-301-4e--100-9b]-9618&alias=b7s13p9121.cern.ch&noUDP&sock=startd_3409_de72>
...
001 (8202671.000.000) 12/14 10:41:54 Job executing on host: <188.184.162.219:9618?addrs=188.184.162.219-9618+[2001-1458-301-4a--100-d5]-9618&alias=b7s11p1677.cern.ch&noUDP&sock=startd_5300_f009>
...
005 (8202657.000.000) 12/14 10:41:54 Job terminated.
	(1) Normal termination (return value 127)
		Usr 0 00:00:00, Sys 0 00:00:00  -  Run Remote Usage
		Usr 0 00:00:00, Sys 0 00:00:00  -  Run Local Usage
		Usr 0 00:00:00, Sys 0 00:00:00  -  Total Remote Usage
		Usr 0 00:00:00, Sys 0 00:00:00  -  Total Local Usage
	67  -  Run Bytes Sent By Job
	455  -  Run Bytes Received By Job
	67  -  Total Bytes Sent By Job
	455  -  Total Bytes Received By Job
	Partitionable Resources :    Usage  Request Allocated 
	   Cpus                 :                 1         1 
	   Disk (KB)            :       52        1   3018949 
	   Memory (MB)          :        0     2000      2000 

	Job terminated of its own accord at 2022-12-14T09:41:54Z.
...
005 (8202664.000.000) 12/14 10:41:54 Job terminated.
	(1) Normal termination (return value 127)
		Usr 0 00:00:00, Sys 0 00:00:00  -  Run Remote Usage
		Usr 0 00:00:00, Sys 0 00:00:00  -  Run Local Usage
		Usr 0 00:00:00, Sys 0 00:00:00  -  Total Remote Usage
		Usr 0 00:00:00, Sys 0 00:00:00  -  Total Local Usage
	67  -  Run Bytes Sent By Job
	455  -  Run Bytes Received By Job
	67  -  Total Bytes Sent By Job
	455  -  Total Bytes Received By Job
	Partitionable Resources :    Usage  Request Allocated 
	   Cpus                 :                 1         1 
	   Disk (KB)            :       52        1   3104665 
	   Memory (MB)          :        0     2000      2000 

	Job terminated of its own accord at 2022-12-14T09:41:54Z.
...
005 (8202659.000.000) 12/14 10:41:54 Job terminated.
	(1) Normal termination (return value 127)
		Usr 0 00:00:00, Sys 0 00:00:00  -  Run Remote Usage
		Usr 0 00:00:00, Sys 0 00:00:00  -  Run Local Usage
		Usr 0 00:00:00, Sys 0 00:00:00  -  Total Remote Usage
		Usr 0 00:00:00, Sys 0 00:00:00  -  Total Local Usage
	67  -  Run Bytes Sent By Job
	455  -  Run Bytes Received By Job
	67  -  Total Bytes Sent By Job
	455  -  Total Bytes Received By Job
	Partitionable Resources :    Usage  Request Allocated 
	   Cpus                 :                 1         1 
	   Disk (KB)            :       52        1   3011784 
	   Memory (MB)          :        0     2000      2000 

	Job terminated of its own accord at 2022-12-14T09:41:54Z.
...
005 (8202665.000.000) 12/14 10:41:54 Job terminated.
	(1) Normal termination (return value 127)
		Usr 0 00:00:00, Sys 0 00:00:00  -  Run Remote Usage
		Usr 0 00:00:00, Sys 0 00:00:00  -  Run Local Usage
		Usr 0 00:00:00, Sys 0 00:00:00  -  Total Remote Usage
		Usr 0 00:00:00, Sys 0 00:00:00  -  Total Local Usage
	67  -  Run Bytes Sent By Job
	455  -  Run Bytes Received By Job
	67  -  Total Bytes Sent By Job
	455  -  Total Bytes Received By Job
	Partitionable Resources :    Usage  Request Allocated 
	   Cpus                 :                 1         1 
	   Disk (KB)            :       52        1   2995131 
	   Memory (MB)          :        0     2000      2000 

	Job terminated of its own accord at 2022-12-14T09:41:54Z.
...
005 (8202656.000.000) 12/14 10:41:54 Job terminated.
	(1) Normal termination (return value 127)
		Usr 0 00:00:00, Sys 0 00:00:00  -  Run Remote Usage
		Usr 0 00:00:00, Sys 0 00:00:00  -  Run Local Usage
		Usr 0 00:00:00, Sys 0 00:00:00  -  Total Remote Usage
		Usr 0 00:00:00, Sys 0 00:00:00  -  Total Local Usage
	67  -  Run Bytes Sent By Job
	455  -  Run Bytes Received By Job
	67  -  Total Bytes Sent By Job
	455  -  Total Bytes Received By Job
	Partitionable Resources :    Usage  Request Allocated 
	   Cpus                 :                 1         1 
	   Disk (KB)            :       52        1   2995132 
	   Memory (MB)          :        0     2000      2000 

	Job terminated of its own accord at 2022-12-14T09:41:54Z.
...
001 (8202673.000.000) 12/14 10:41:54 Job executing on host: <188.184.162.38:9618?addrs=188.184.162.38-9618+[2001-1458-301-4a--100-20]-9618&alias=b7s11p1415.cern.ch&noUDP&sock=startd_3456_1b65>
...
005 (8202666.000.000) 12/14 10:41:54 Job terminated.
	(1) Normal termination (return value 127)
		Usr 0 00:00:00, Sys 0 00:00:00  -  Run Remote Usage
		Usr 0 00:00:00, Sys 0 00:00:00  -  Run Local Usage
		Usr 0 00:00:00, Sys 0 00:00:00  -  Total Remote Usage
		Usr 0 00:00:00, Sys 0 00:00:00  -  Total Local Usage
	67  -  Run Bytes Sent By Job
	455  -  Run Bytes Received By Job
	67  -  Total Bytes Sent By Job
	455  -  Total Bytes Received By Job
	Partitionable Resources :    Usage  Request Allocated 
	   Cpus                 :                 1         1 
	   Disk (KB)            :       52        1   3018928 
	   Memory (MB)          :        0     2000      2000 

	Job terminated of its own accord at 2022-12-14T09:41:54Z.
...
005 (8202658.000.000) 12/14 10:41:54 Job terminated.
	(1) Normal termination (return value 127)
		Usr 0 00:00:00, Sys 0 00:00:00  -  Run Remote Usage
		Usr 0 00:00:00, Sys 0 00:00:00  -  Run Local Usage
		Usr 0 00:00:00, Sys 0 00:00:00  -  Total Remote Usage
		Usr 0 00:00:00, Sys 0 00:00:00  -  Total Local Usage
	67  -  Run Bytes Sent By Job
	455  -  Run Bytes Received By Job
	67  -  Total Bytes Sent By Job
	455  -  Total Bytes Received By Job
	Partitionable Resources :    Usage  Request Allocated 
	   Cpus                 :                 1         1 
	   Disk (KB)            :       52        1   3084006 
	   Memory (MB)          :        0     2000      2000 

	Job terminated of its own accord at 2022-12-14T09:41:54Z.
...
005 (8202672.000.000) 12/14 10:41:54 Job terminated.
	(1) Normal termination (return value 127)
		Usr 0 00:00:00, Sys 0 00:00:00  -  Run Remote Usage
		Usr 0 00:00:00, Sys 0 00:00:00  -  Run Local Usage
		Usr 0 00:00:00, Sys 0 00:00:00  -  Total Remote Usage
		Usr 0 00:00:00, Sys 0 00:00:00  -  Total Local Usage
	67  -  Run Bytes Sent By Job
	455  -  Run Bytes Received By Job
	67  -  Total Bytes Sent By Job
	455  -  Total Bytes Received By Job
	Partitionable Resources :    Usage  Request Allocated 
	   Cpus                 :                 1         1 
	   Disk (KB)            :       52        1   3104643 
	   Memory (MB)          :        0     2000      2000 

	Job terminated of its own accord at 2022-12-14T09:41:54Z.
...
005 (8202661.000.000) 12/14 10:41:54 Job terminated.
	(1) Normal termination (return value 127)
		Usr 0 00:00:00, Sys 0 00:00:00  -  Run Remote Usage
		Usr 0 00:00:00, Sys 0 00:00:00  -  Run Local Usage
		Usr 0 00:00:00, Sys 0 00:00:00  -  Total Remote Usage
		Usr 0 00:00:00, Sys 0 00:00:00  -  Total Local Usage
	67  -  Run Bytes Sent By Job
	455  -  Run Bytes Received By Job
	67  -  Total Bytes Sent By Job
	455  -  Total Bytes Received By Job
	Partitionable Resources :    Usage  Request Allocated 
	   Cpus                 :                 1         1 
	   Disk (KB)            :       52        1   2995202 
	   Memory (MB)          :        0     2000      2000 

	Job terminated of its own accord at 2022-12-14T09:41:54Z.
...
005 (8202660.000.000) 12/14 10:41:54 Job terminated.
	(1) Normal termination (return value 127)
		Usr 0 00:00:00, Sys 0 00:00:00  -  Run Remote Usage
		Usr 0 00:00:00, Sys 0 00:00:00  -  Run Local Usage
		Usr 0 00:00:00, Sys 0 00:00:00  -  Total Remote Usage
		Usr 0 00:00:00, Sys 0 00:00:00  -  Total Local Usage
	67  -  Run Bytes Sent By Job
	455  -  Run Bytes Received By Job
	67  -  Total Bytes Sent By Job
	455  -  Total Bytes Received By Job
	Partitionable Resources :    Usage  Request Allocated 
	   Cpus                 :                 1         1 
	   Disk (KB)            :       52        1   3012130 
	   Memory (MB)          :        0     2000      2000 

	Job terminated of its own accord at 2022-12-14T09:41:54Z.
...
005 (8202662.000.000) 12/14 10:41:54 Job terminated.
	(1) Normal termination (return value 127)
		Usr 0 00:00:00, Sys 0 00:00:00  -  Run Remote Usage
		Usr 0 00:00:00, Sys 0 00:00:00  -  Run Local Usage
		Usr 0 00:00:00, Sys 0 00:00:00  -  Total Remote Usage
		Usr 0 00:00:00, Sys 0 00:00:00  -  Total Local Usage
	67  -  Run Bytes Sent By Job
	455  -  Run Bytes Received By Job
	67  -  Total Bytes Sent By Job
	455  -  Total Bytes Received By Job
	Partitionable Resources :    Usage  Request Allocated 
	   Cpus                 :                 1         1 
	   Disk (KB)            :       52        1   2997932 
	   Memory (MB)          :        0     2000      2000 

	Job terminated of its own accord at 2022-12-14T09:41:54Z.
...
001 (8202674.000.000) 12/14 10:41:55 Job executing on host: <188.184.165.245:9618?addrs=188.184.165.245-9618+[2001-1458-301-51--100-f0]-9618&alias=b7s14p7122.cern.ch&noUDP&sock=startd_3453_0c9c>
...
001 (8202663.000.000) 12/14 10:41:55 Job executing on host: <188.184.165.245:9618?addrs=188.184.165.245-9618+[2001-1458-301-51--100-f0]-9618&alias=b7s14p7122.cern.ch&noUDP&sock=startd_3453_0c9c>
...
001 (8202667.000.000) 12/14 10:41:55 Job executing on host: <188.184.165.33:9618?addrs=188.184.165.33-9618+[2001-1458-301-51--100-1c]-9618&alias=b7s14p3939.cern.ch&noUDP&sock=startd_98658_c2ad>
...
001 (8202670.000.000) 12/14 10:41:56 Job executing on host: <188.184.165.117:9618?addrs=188.184.165.117-9618+[2001-1458-301-51--100-70]-9618&alias=b7s14p4148.cern.ch&noUDP&sock=startd_64304_c61e>
...
005 (8202673.000.000) 12/14 10:41:56 Job terminated.
	(1) Normal termination (return value 127)
		Usr 0 00:00:00, Sys 0 00:00:00  -  Run Remote Usage
		Usr 0 00:00:00, Sys 0 00:00:00  -  Run Local Usage
		Usr 0 00:00:00, Sys 0 00:00:00  -  Total Remote Usage
		Usr 0 00:00:00, Sys 0 00:00:00  -  Total Local Usage
	67  -  Run Bytes Sent By Job
	455  -  Run Bytes Received By Job
	67  -  Total Bytes Sent By Job
	455  -  Total Bytes Received By Job
	Partitionable Resources :    Usage  Request Allocated 
	   Cpus                 :                 1         1 
	   Disk (KB)            :       52        1   3097640 
	   Memory (MB)          :        0     2000      2000 

	Job terminated of its own accord at 2022-12-14T09:41:56Z.
...
005 (8202671.000.000) 12/14 10:41:56 Job terminated.
	(1) Normal termination (return value 127)
		Usr 0 00:00:00, Sys 0 00:00:00  -  Run Remote Usage
		Usr 0 00:00:00, Sys 0 00:00:00  -  Run Local Usage
		Usr 0 00:00:00, Sys 0 00:00:00  -  Total Remote Usage
		Usr 0 00:00:00, Sys 0 00:00:00  -  Total Local Usage
	67  -  Run Bytes Sent By Job
	455  -  Run Bytes Received By Job
	67  -  Total Bytes Sent By Job
	455  -  Total Bytes Received By Job
	Partitionable Resources :    Usage  Request Allocated 
	   Cpus                 :                 1         1 
	   Disk (KB)            :       52        1   3053945 
	   Memory (MB)          :        0     2000      2000 

	Job terminated of its own accord at 2022-12-14T09:41:56Z.
...
005 (8202667.000.000) 12/14 10:41:57 Job terminated.
	(1) Normal termination (return value 127)
		Usr 0 00:00:00, Sys 0 00:00:01  -  Run Remote Usage
		Usr 0 00:00:00, Sys 0 00:00:00  -  Run Local Usage
		Usr 0 00:00:00, Sys 0 00:00:01  -  Total Remote Usage
		Usr 0 00:00:00, Sys 0 00:00:00  -  Total Local Usage
	67  -  Run Bytes Sent By Job
	455  -  Run Bytes Received By Job
	67  -  Total Bytes Sent By Job
	455  -  Total Bytes Received By Job
	Partitionable Resources :    Usage  Request Allocated 
	   Cpus                 :                 1         1 
	   Disk (KB)            :       52        1   2986689 
	   Memory (MB)          :        0     2000      2000 

	Job terminated of its own accord at 2022-12-14T09:41:57Z.
...
005 (8202674.000.000) 12/14 10:41:58 Job terminated.
	(1) Normal termination (return value 127)
		Usr 0 00:00:00, Sys 0 00:00:00  -  Run Remote Usage
		Usr 0 00:00:00, Sys 0 00:00:00  -  Run Local Usage
		Usr 0 00:00:00, Sys 0 00:00:00  -  Total Remote Usage
		Usr 0 00:00:00, Sys 0 00:00:00  -  Total Local Usage
	67  -  Run Bytes Sent By Job
	455  -  Run Bytes Received By Job
	67  -  Total Bytes Sent By Job
	455  -  Total Bytes Received By Job
	Partitionable Resources :    Usage  Request Allocated 
	   Cpus                 :                 1         1 
	   Disk (KB)            :       52        1   2972728 
	   Memory (MB)          :        0     2000      2000 

	Job terminated of its own accord at 2022-12-14T09:41:57Z.
...
005 (8202663.000.000) 12/14 10:41:58 Job terminated.
	(1) Normal termination (return value 127)
		Usr 0 00:00:00, Sys 0 00:00:00  -  Run Remote Usage
		Usr 0 00:00:00, Sys 0 00:00:00  -  Run Local Usage
		Usr 0 00:00:00, Sys 0 00:00:00  -  Total Remote Usage
		Usr 0 00:00:00, Sys 0 00:00:00  -  Total Local Usage
	67  -  Run Bytes Sent By Job
	455  -  Run Bytes Received By Job
	67  -  Total Bytes Sent By Job
	455  -  Total Bytes Received By Job
	Partitionable Resources :    Usage  Request Allocated 
	   Cpus                 :                 1         1 
	   Disk (KB)            :       52        1   2972728 
	   Memory (MB)          :        0     2000      2000 

	Job terminated of its own accord at 2022-12-14T09:41:57Z.
...
005 (8202670.000.000) 12/14 10:41:59 Job terminated.
	(1) Normal termination (return value 127)
		Usr 0 00:00:00, Sys 0 00:00:01  -  Run Remote Usage
		Usr 0 00:00:00, Sys 0 00:00:00  -  Run Local Usage
		Usr 0 00:00:00, Sys 0 00:00:01  -  Total Remote Usage
		Usr 0 00:00:00, Sys 0 00:00:00  -  Total Local Usage
	67  -  Run Bytes Sent By Job
	455  -  Run Bytes Received By Job
	67  -  Total Bytes Sent By Job
	455  -  Total Bytes Received By Job
	Partitionable Resources :    Usage  Request Allocated 
	   Cpus                 :                 1         1 
	   Disk (KB)            :       52        1   3069206 
	   Memory (MB)          :        0     2000      2000 

	Job terminated of its own accord at 2022-12-14T09:41:59Z.
...
001 (8202675.000.000) 12/14 10:42:00 Job executing on host: <188.184.164.102:9618?addrs=188.184.164.102-9618+[2001-1458-301-4e--100-60]-9618&alias=b7s13p6527.cern.ch&noUDP&sock=startd_3511_d51b>
...
005 (8202675.000.000) 12/14 10:42:01 Job terminated.
	(1) Normal termination (return value 127)
		Usr 0 00:00:00, Sys 0 00:00:00  -  Run Remote Usage
		Usr 0 00:00:00, Sys 0 00:00:00  -  Run Local Usage
		Usr 0 00:00:00, Sys 0 00:00:00  -  Total Remote Usage
		Usr 0 00:00:00, Sys 0 00:00:00  -  Total Local Usage
	67  -  Run Bytes Sent By Job
	455  -  Run Bytes Received By Job
	67  -  Total Bytes Sent By Job
	455  -  Total Bytes Received By Job
	Partitionable Resources :    Usage  Request Allocated 
	   Cpus                 :                 1         1 
	   Disk (KB)            :       53        1   2997934 
	   Memory (MB)          :        0     2000      2000 

	Job terminated of its own accord at 2022-12-14T09:42:01Z.
...
005 (8202669.000.000) 12/14 10:42:06 Job terminated.
	(1) Normal termination (return value 127)
		Usr 0 00:00:00, Sys 0 00:00:00  -  Run Remote Usage
		Usr 0 00:00:00, Sys 0 00:00:00  -  Run Local Usage
		Usr 0 00:00:00, Sys 0 00:00:00  -  Total Remote Usage
		Usr 0 00:00:00, Sys 0 00:00:00  -  Total Local Usage
	67  -  Run Bytes Sent By Job
	455  -  Run Bytes Received By Job
	67  -  Total Bytes Sent By Job
	455  -  Total Bytes Received By Job
	Partitionable Resources :    Usage  Request Allocated 
	   Cpus                 :                 1         1 
	   Disk (KB)            :       52        1   3052487 
	   Memory (MB)          :        4     2000      2000 

	Job terminated of its own accord at 2022-12-14T09:42:06Z.
...
005 (8202668.000.000) 12/14 10:42:10 Job terminated.
	(1) Normal termination (return value 127)
		Usr 0 00:00:00, Sys 0 00:00:00  -  Run Remote Usage
		Usr 0 00:00:00, Sys 0 00:00:00  -  Run Local Usage
		Usr 0 00:00:00, Sys 0 00:00:00  -  Total Remote Usage
		Usr 0 00:00:00, Sys 0 00:00:00  -  Total Local Usage
	67  -  Run Bytes Sent By Job
	455  -  Run Bytes Received By Job
	67  -  Total Bytes Sent By Job
	455  -  Total Bytes Received By Job
	Partitionable Resources :    Usage  Request Allocated 
	   Cpus                 :                 1         1 
	   Disk (KB)            :       52        1   3047668 
	   Memory (MB)          :        4     2000      2000 

	Job terminated of its own accord at 2022-12-14T09:42:10Z.
...
